/Users/designer/PROJECTS/azanovretreat/assets/ships/РУС/Катера/Corsica 40ft.pdf	Cannot retrieve the folder information from the link. You may need to change the permission to 'Anyone with the link', or have had many accesses. Check FAQ in https://github.com/wkentaro/gdown?tab=readme-ov-file#faq.
/Users/designer/PROJECTS/azanovretreat/assets/ships/РУС/Катера/King.pdf	Cannot retrieve the folder information from the link. You may need to change the permission to 'Anyone with the link', or have had many accesses. Check FAQ in https://github.com/wkentaro/gdown?tab=readme-ov-file#faq.
/Users/designer/PROJECTS/azanovretreat/assets/ships/РУС/Катера/Lucky Star.pdf	Failed to retrieve file url:

	Cannot retrieve the public link of the file. You may need to change
	the permission to 'Anyone with the link', or have had many accesses.
	Check FAQ in https://github.com/wkentaro/gdown?tab=readme-ov-file#faq.

You may still be able to access the file from the browser:

	https://drive.google.com/uc?id=1Lk-IjM16xbg685efKrDaY0XPoHiLDW0K

but Gdown can't. Please check connections and permissions.
/Users/designer/PROJECTS/azanovretreat/assets/ships/РУС/Катера/Madam Shadow 34ft.pdf	Failed to retrieve file url:

	Cannot retrieve the public link of the file. You may need to change
	the permission to 'Anyone with the link', or have had many accesses.
	Check FAQ in https://github.com/wkentaro/gdown?tab=readme-ov-file#faq.

You may still be able to access the file from the browser:

	https://drive.google.com/uc?id=1gseevB_FChseXVQemXvbt1-p8pbVOsD_

but Gdown can't. Please check connections and permissions.
/Users/designer/PROJECTS/azanovretreat/assets/ships/РУС/Катера/Na-О 29ft.pdf	Failed to retrieve file url:

	Cannot retrieve the public link of the file. You may need to change
	the permission to 'Anyone with the link', or have had many accesses.
	Check FAQ in https://github.com/wkentaro/gdown?tab=readme-ov-file#faq.

You may still be able to access the file from the browser:

	https://drive.google.com/uc?id=1-LPshffJmXTsKo6LnDaDHy9F9UM8prqo

but Gdown can't. Please check connections and permissions.
/Users/designer/PROJECTS/azanovretreat/assets/ships/РУС/Катера/Nanea 40ft.pdf	Failed to retrieve file url:

	Cannot retrieve the public link of the file. You may need to change
	the permission to 'Anyone with the link', or have had many accesses.
	Check FAQ in https://github.com/wkentaro/gdown?tab=readme-ov-file#faq.

You may still be able to access the file from the browser:

	https://drive.google.com/uc?id=1IguXZYNfy2B-sPVYXjD4OgDWHEgQi8p7

but Gdown can't. Please check connections and permissions.
/Users/designer/PROJECTS/azanovretreat/assets/ships/РУС/Катера/Ocean Safari 2.pdf	Failed to retrieve file url:

	Cannot retrieve the public link of the file. You may need to change
	the permission to 'Anyone with the link', or have had many accesses.
	Check FAQ in https://github.com/wkentaro/gdown?tab=readme-ov-file#faq.

You may still be able to access the file from the browser:

	https://drive.google.com/uc?id=1K28SJKYAEGyK8gADShpIIE1SwXkJWTDZ

but Gdown can't. Please check connections and permissions.
/Users/designer/PROJECTS/azanovretreat/assets/ships/РУС/Катера/Ocean Safari 3.pdf	Failed to retrieve file url:

	Cannot retrieve the public link of the file. You may need to change
	the permission to 'Anyone with the link', or have had many accesses.
	Check FAQ in https://github.com/wkentaro/gdown?tab=readme-ov-file#faq.

You may still be able to access the file from the browser:

	https://drive.google.com/uc?id=1ioCHjeF-EcBmdHnOxHBcYRnzQY_z4JQU

but Gdown can't. Please check connections and permissions.
/Users/designer/PROJECTS/azanovretreat/assets/ships/РУС/Катера/Sabi 375.pdf	Failed to retrieve file url:

	Cannot retrieve the public link of the file. You may need to change
	the permission to 'Anyone with the link', or have had many accesses.
	Check FAQ in https://github.com/wkentaro/gdown?tab=readme-ov-file#faq.

You may still be able to access the file from the browser:

	https://drive.google.com/uc?id=1h1Hi7XS-9aPwkthcPxsUeysvaisMpImm

but Gdown can't. Please check connections and permissions.
/Users/designer/PROJECTS/azanovretreat/assets/ships/РУС/Катера/Searay 8.pdf	Failed to retrieve file url:

	Cannot retrieve the public link of the file. You may need to change
	the permission to 'Anyone with the link', or have had many accesses.
	Check FAQ in https://github.com/wkentaro/gdown?tab=readme-ov-file#faq.

You may still be able to access the file from the browser:

	https://drive.google.com/uc?id=1ZSa3D4LqUOvDrkndsNMgFxjpY8NBIh0M

but Gdown can't. Please check connections and permissions.
/Users/designer/PROJECTS/azanovretreat/assets/ships/РУС/Катера/Srisuwan 37ft.pdf	Failed to retrieve file url:

	Cannot retrieve the public link of the file. You may need to change
	the permission to 'Anyone with the link', or have had many accesses.
	Check FAQ in https://github.com/wkentaro/gdown?tab=readme-ov-file#faq.

You may still be able to access the file from the browser:

	https://drive.google.com/uc?id=1wfM4GAva-b24VftRF7DOAp5nR3t5xkHS

but Gdown can't. Please check connections and permissions.
/Users/designer/PROJECTS/azanovretreat/assets/ships/РУС/Катера/Voyage 47ft.pdf	Failed to retrieve file url:

	Cannot retrieve the public link of the file. You may need to change
	the permission to 'Anyone with the link', or have had many accesses.
	Check FAQ in https://github.com/wkentaro/gdown?tab=readme-ov-file#faq.

You may still be able to access the file from the browser:

	https://drive.google.com/uc?id=1QJFqhMDQq7mQn0QOnD563nA3m7M_LB4E

but Gdown can't. Please check connections and permissions.
/Users/designer/PROJECTS/azanovretreat/assets/ships/РУС/Катера/Wave 29 Pro Datto.pdf	Failed to retrieve file url:

	Cannot retrieve the public link of the file. You may need to change
	the permission to 'Anyone with the link', or have had many accesses.
	Check FAQ in https://github.com/wkentaro/gdown?tab=readme-ov-file#faq.

You may still be able to access the file from the browser:

	https://drive.google.com/uc?id=17LZAXiKQBJZJSgVOvObwfm8toUpibf6R

but Gdown can't. Please check connections and permissions.
/Users/designer/PROJECTS/azanovretreat/assets/ships/РУС/Катера/Yamela 15.pdf	Failed to retrieve file url:

	Cannot retrieve the public link of the file. You may need to change
	the permission to 'Anyone with the link', or have had many accesses.
	Check FAQ in https://github.com/wkentaro/gdown?tab=readme-ov-file#faq.

You may still be able to access the file from the browser:

	https://drive.google.com/uc?id=1nxvwSN2zdROKXQA1hDK0D9Tz8K7DouOS

but Gdown can't. Please check connections and permissions.
/Users/designer/PROJECTS/azanovretreat/assets/ships/РУС/Катера/Yamela.pdf	Cannot retrieve the folder information from the link. You may need to change the permission to 'Anyone with the link', or have had many accesses. Check FAQ in https://github.com/wkentaro/gdown?tab=readme-ov-file#faq.
/Users/designer/PROJECTS/azanovretreat/assets/ships/РУС/Моторные катамараны/Aquila 32ft.pdf	Cannot retrieve the folder information from the link. You may need to change the permission to 'Anyone with the link', or have had many accesses. Check FAQ in https://github.com/wkentaro/gdown?tab=readme-ov-file#faq.
/Users/designer/PROJECTS/azanovretreat/assets/ships/РУС/Моторные катамараны/Bon Bon 52ft.pdf	Failed to retrieve file url:

	Cannot retrieve the public link of the file. You may need to change
	the permission to 'Anyone with the link', or have had many accesses.
	Check FAQ in https://github.com/wkentaro/gdown?tab=readme-ov-file#faq.

You may still be able to access the file from the browser:

	https://drive.google.com/uc?id=1_9R6cdUcZAAbpRycH5srwlFWAhH3-PF4

but Gdown can't. Please check connections and permissions.
/Users/designer/PROJECTS/azanovretreat/assets/ships/РУС/Моторные катамараны/Formula 42ft.pdf	Failed to retrieve file url:

	Cannot retrieve the public link of the file. You may need to change
	the permission to 'Anyone with the link', or have had many accesses.
	Check FAQ in https://github.com/wkentaro/gdown?tab=readme-ov-file#faq.

You may still be able to access the file from the browser:

	https://drive.google.com/uc?id=17hwq4_Vr7kVAiC-fzTmuq6MDLfdCIIrh

but Gdown can't. Please check connections and permissions.
/Users/designer/PROJECTS/azanovretreat/assets/ships/РУС/Моторные катамараны/Fountain Pajot 40ft.pdf	Failed to retrieve file url:

	Cannot retrieve the public link of the file. You may need to change
	the permission to 'Anyone with the link', or have had many accesses.
	Check FAQ in https://github.com/wkentaro/gdown?tab=readme-ov-file#faq.

You may still be able to access the file from the browser:

	https://drive.google.com/uc?id=1wkURxwvTQsLdngVLcximyXPnNTVMeB2n

but Gdown can't. Please check connections and permissions.
/Users/designer/PROJECTS/azanovretreat/assets/ships/РУС/Моторные катамараны/GoodTime.pdf	Failed to retrieve file url:

	Cannot retrieve the public link of the file. You may need to change
	the permission to 'Anyone with the link', or have had many accesses.
	Check FAQ in https://github.com/wkentaro/gdown?tab=readme-ov-file#faq.

You may still be able to access the file from the browser:

	https://drive.google.com/uc?id=11t-VCppGWHAvq2IlUxj-sd8TfNXfLRD5

but Gdown can't. Please check connections and permissions.
/Users/designer/PROJECTS/azanovretreat/assets/ships/РУС/Моторные катамараны/Heysea 40ft.pdf	Failed to retrieve file url:

	Cannot retrieve the public link of the file. You may need to change
	the permission to 'Anyone with the link', or have had many accesses.
	Check FAQ in https://github.com/wkentaro/gdown?tab=readme-ov-file#faq.

You may still be able to access the file from the browser:

	https://drive.google.com/uc?id=1yKRz5fyq7uPqw9-tqk8gN-cGs_fB76fa

but Gdown can't. Please check connections and permissions.
/Users/designer/PROJECTS/azanovretreat/assets/ships/РУС/Моторные катамараны/Hot Chilli.pdf	Failed to retrieve file url:

	Cannot retrieve the public link of the file. You may need to change
	the permission to 'Anyone with the link', or have had many accesses.
	Check FAQ in https://github.com/wkentaro/gdown?tab=readme-ov-file#faq.

You may still be able to access the file from the browser:

	https://drive.google.com/uc?id=1nPlK_BHRk2X0BKONT4uP2o3BPZXnGZjX

but Gdown can't. Please check connections and permissions.
/Users/designer/PROJECTS/azanovretreat/assets/ships/РУС/Моторные катамараны/Leopard 40ft.pdf	Failed to retrieve file url:

	Cannot retrieve the public link of the file. You may need to change
	the permission to 'Anyone with the link', or have had many accesses.
	Check FAQ in https://github.com/wkentaro/gdown?tab=readme-ov-file#faq.

You may still be able to access the file from the browser:

	https://drive.google.com/uc?id=17NGOOxWZ2ufjaARrigB_9pp1CsK2ehzT

but Gdown can't. Please check connections and permissions.
/Users/designer/PROJECTS/azanovretreat/assets/ships/РУС/Моторные катамараны/Leopard 43.pdf	Failed to retrieve file url:

	Cannot retrieve the public link of the file. You may need to change
	the permission to 'Anyone with the link', or have had many accesses.
	Check FAQ in https://github.com/wkentaro/gdown?tab=readme-ov-file#faq.

You may still be able to access the file from the browser:

	https://drive.google.com/uc?id=1OzFDlKjzj0PyGwkfiaYD3CtQQNo5wEH7

but Gdown can't. Please check connections and permissions.
/Users/designer/PROJECTS/azanovretreat/assets/ships/РУС/Моторные катамараны/Leopard 51 La Vie.pdf	Failed to retrieve file url:

	Cannot retrieve the public link of the file. You may need to change
	the permission to 'Anyone with the link', or have had many accesses.
	Check FAQ in https://github.com/wkentaro/gdown?tab=readme-ov-file#faq.

You may still be able to access the file from the browser:

	https://drive.google.com/uc?id=1L4890RUP7IAwD5gHeASJ3qG_habMBa-P

but Gdown can't. Please check connections and permissions.
/Users/designer/PROJECTS/azanovretreat/assets/ships/РУС/Моторные катамараны/Leopard 53ft.pdf	Failed to retrieve file url:

	Cannot retrieve the public link of the file. You may need to change
	the permission to 'Anyone with the link', or have had many accesses.
	Check FAQ in https://github.com/wkentaro/gdown?tab=readme-ov-file#faq.

You may still be able to access the file from the browser:

	https://drive.google.com/uc?id=1WcJMwzU259XBvgQ6uq_ToTQxjKsAkskv

but Gdown can't. Please check connections and permissions.
/Users/designer/PROJECTS/azanovretreat/assets/ships/РУС/Моторные катамараны/Leopard Aura 51.pdf	Failed to retrieve file url:

	Cannot retrieve the public link of the file. You may need to change
	the permission to 'Anyone with the link', or have had many accesses.
	Check FAQ in https://github.com/wkentaro/gdown?tab=readme-ov-file#faq.

You may still be able to access the file from the browser:

	https://drive.google.com/uc?id=10O0oTkLm2eBkNcaV-Bha6lMcBhQe1uSd

but Gdown can't. Please check connections and permissions.
/Users/designer/PROJECTS/azanovretreat/assets/ships/РУС/Моторные катамараны/Luxury Dream Voyager 59ft.pdf	Failed to retrieve file url:

	Cannot retrieve the public link of the file. You may need to change
	the permission to 'Anyone with the link', or have had many accesses.
	Check FAQ in https://github.com/wkentaro/gdown?tab=readme-ov-file#faq.

You may still be able to access the file from the browser:

	https://drive.google.com/uc?id=1iGNv9jmD33HN70tEo3jUbQJx6iRLWgKw

but Gdown can't. Please check connections and permissions.
/Users/designer/PROJECTS/azanovretreat/assets/ships/РУС/Моторные катамараны/My Sky 53ft.pdf	Failed to retrieve file url:

	Cannot retrieve the public link of the file. You may need to change
	the permission to 'Anyone with the link', or have had many accesses.
	Check FAQ in https://github.com/wkentaro/gdown?tab=readme-ov-file#faq.

You may still be able to access the file from the browser:

	https://drive.google.com/uc?id=1GGCLzLNywMFKATpOQ4yHRHh-g92hJnSX

but Gdown can't. Please check connections and permissions.
/Users/designer/PROJECTS/azanovretreat/assets/ships/РУС/Моторные катамараны/Party Catamaran 110ft.pdf	Failed to retrieve file url:

	Cannot retrieve the public link of the file. You may need to change
	the permission to 'Anyone with the link', or have had many accesses.
	Check FAQ in https://github.com/wkentaro/gdown?tab=readme-ov-file#faq.

You may still be able to access the file from the browser:

	https://drive.google.com/uc?id=1uMoomEAUfzSu2i7ruLKOaNlrm-7QLVHK

but Gdown can't. Please check connections and permissions.
/Users/designer/PROJECTS/azanovretreat/assets/ships/РУС/Моторные катамараны/Prada.pdf	Cannot retrieve the folder information from the link. You may need to change the permission to 'Anyone with the link', or have had many accesses. Check FAQ in https://github.com/wkentaro/gdown?tab=readme-ov-file#faq.
/Users/designer/PROJECTS/azanovretreat/assets/ships/РУС/Моторные катамараны/SeaExplorer.pdf	Failed to retrieve file url:

	Cannot retrieve the public link of the file. You may need to change
	the permission to 'Anyone with the link', or have had many accesses.
	Check FAQ in https://github.com/wkentaro/gdown?tab=readme-ov-file#faq.

You may still be able to access the file from the browser:

	https://drive.google.com/uc?id=1RB1qP4-DErOfinJhuM4v3Pe4JpENF56o

but Gdown can't. Please check connections and permissions.
/Users/designer/PROJECTS/azanovretreat/assets/ships/РУС/Моторные катамараны/Spacecat 118ft.pdf	Failed to retrieve file url:

	Cannot retrieve the public link of the file. You may need to change
	the permission to 'Anyone with the link', or have had many accesses.
	Check FAQ in https://github.com/wkentaro/gdown?tab=readme-ov-file#faq.

You may still be able to access the file from the browser:

	https://drive.google.com/uc?id=1YKCd0qNCexlC0JggHQRL_eiNiw719Zgw

but Gdown can't. Please check connections and permissions.
/Users/designer/PROJECTS/azanovretreat/assets/ships/РУС/Моторные катамараны/Tequila 37ft.pdf	Failed to retrieve file url:

	Cannot retrieve the public link of the file. You may need to change
	the permission to 'Anyone with the link', or have had many accesses.
	Check FAQ in https://github.com/wkentaro/gdown?tab=readme-ov-file#faq.

You may still be able to access the file from the browser:

	https://drive.google.com/uc?id=1iCwL3VDPkLYi3xpE6NcKecOaJE4gcj_5

but Gdown can't. Please check connections and permissions.
/Users/designer/PROJECTS/azanovretreat/assets/ships/РУС/Моторные яхты/Anna Maria.pdf	Cannot retrieve the folder information from the link. You may need to change the permission to 'Anyone with the link', or have had many accesses. Check FAQ in https://github.com/wkentaro/gdown?tab=readme-ov-file#faq.
/Users/designer/PROJECTS/azanovretreat/assets/ships/РУС/Моторные яхты/Arno Leopard 75ft.pdf	Cannot retrieve the folder information from the link. You may need to change the permission to 'Anyone with the link', or have had many accesses. Check FAQ in https://github.com/wkentaro/gdown?tab=readme-ov-file#faq.
/Users/designer/PROJECTS/azanovretreat/assets/ships/РУС/Моторные яхты/Astondoa 102 GXL.pdf	Failed to retrieve file url:

	Cannot retrieve the public link of the file. You may need to change
	the permission to 'Anyone with the link', or have had many accesses.
	Check FAQ in https://github.com/wkentaro/gdown?tab=readme-ov-file#faq.

You may still be able to access the file from the browser:

	https://drive.google.com/uc?id=1ehZjmKmiSopfe1X8NF67agW3_xOpeK6v

but Gdown can't. Please check connections and permissions.
/Users/designer/PROJECTS/azanovretreat/assets/ships/РУС/Моторные яхты/Azimut 46ft.pdf	Failed to retrieve file url:

	Cannot retrieve the public link of the file. You may need to change
	the permission to 'Anyone with the link', or have had many accesses.
	Check FAQ in https://github.com/wkentaro/gdown?tab=readme-ov-file#faq.

You may still be able to access the file from the browser:

	https://drive.google.com/uc?id=1tOC86OcGRnXM3tkTiDRv7CQA6gbO4t61

but Gdown can't. Please check connections and permissions.
/Users/designer/PROJECTS/azanovretreat/assets/ships/РУС/Моторные яхты/Azimut 50.pdf	Failed to retrieve file url:

	Cannot retrieve the public link of the file. You may need to change
	the permission to 'Anyone with the link', or have had many accesses.
	Check FAQ in https://github.com/wkentaro/gdown?tab=readme-ov-file#faq.

You may still be able to access the file from the browser:

	https://drive.google.com/uc?id=1maipTE6JV2LDc-vY9jk23T0Chrx2FtpU

but Gdown can't. Please check connections and permissions.
/Users/designer/PROJECTS/azanovretreat/assets/ships/РУС/Моторные яхты/Azimut 55E After.pdf	Failed to retrieve file url:

	Cannot retrieve the public link of the file. You may need to change
	the permission to 'Anyone with the link', or have had many accesses.
	Check FAQ in https://github.com/wkentaro/gdown?tab=readme-ov-file#faq.

You may still be able to access the file from the browser:

	https://drive.google.com/uc?id=1pxgI184g0KRcVlP3BIEEl3xMPmNf8q8h

but Gdown can't. Please check connections and permissions.
/Users/designer/PROJECTS/azanovretreat/assets/ships/РУС/Моторные яхты/Azimut 60ft.pdf	Failed to retrieve file url:

	Cannot retrieve the public link of the file. You may need to change
	the permission to 'Anyone with the link', or have had many accesses.
	Check FAQ in https://github.com/wkentaro/gdown?tab=readme-ov-file#faq.

You may still be able to access the file from the browser:

	https://drive.google.com/uc?id=1hkuUIqDCE2KgrIQW0fZ1eF8iHu191f2i

but Gdown can't. Please check connections and permissions.
/Users/designer/PROJECTS/azanovretreat/assets/ships/РУС/Моторные яхты/Azimut 68ft.pdf	Failed to retrieve file url:

	Cannot retrieve the public link of the file. You may need to change
	the permission to 'Anyone with the link', or have had many accesses.
	Check FAQ in https://github.com/wkentaro/gdown?tab=readme-ov-file#faq.

You may still be able to access the file from the browser:

	https://drive.google.com/uc?id=1Ia6RGNxnRG2LQZUpVoZAWi2ztGj4x90_

but Gdown can't. Please check connections and permissions.
/Users/designer/PROJECTS/azanovretreat/assets/ships/РУС/Моторные яхты/Beach Club Yona.pdf	Failed to retrieve file url:

	Cannot retrieve the public link of the file. You may need to change
	the permission to 'Anyone with the link', or have had many accesses.
	Check FAQ in https://github.com/wkentaro/gdown?tab=readme-ov-file#faq.

You may still be able to access the file from the browser:

	https://drive.google.com/uc?id=1gbSl1JWU87a-e1veIN9y_w6_Bg2Uxw1J

but Gdown can't. Please check connections and permissions.
/Users/designer/PROJECTS/azanovretreat/assets/ships/РУС/Моторные яхты/Bertram 50.pdf	Failed to retrieve file url:

	Cannot retrieve the public link of the file. You may need to change
	the permission to 'Anyone with the link', or have had many accesses.
	Check FAQ in https://github.com/wkentaro/gdown?tab=readme-ov-file#faq.

You may still be able to access the file from the browser:

	https://drive.google.com/uc?id=1vXYxxPQf5-gHQXXOJC09Ps_NHhzHkoAb

but Gdown can't. Please check connections and permissions.
/Users/designer/PROJECTS/azanovretreat/assets/ships/РУС/Моторные яхты/Camara C.pdf	Failed to retrieve file url:

	Cannot retrieve the public link of the file. You may need to change
	the permission to 'Anyone with the link', or have had many accesses.
	Check FAQ in https://github.com/wkentaro/gdown?tab=readme-ov-file#faq.

You may still be able to access the file from the browser:

	https://drive.google.com/uc?id=1_U4wH3TfeIiKnoC55FX5p2xx6x2HD9zO

but Gdown can't. Please check connections and permissions.
/Users/designer/PROJECTS/azanovretreat/assets/ships/РУС/Моторные яхты/Chowa 74.pdf	Failed to retrieve file url:

	Cannot retrieve the public link of the file. You may need to change
	the permission to 'Anyone with the link', or have had many accesses.
	Check FAQ in https://github.com/wkentaro/gdown?tab=readme-ov-file#faq.

You may still be able to access the file from the browser:

	https://drive.google.com/uc?id=1uJrMeZ0mq-IC4fr8l_JFPesistfwCxiS

but Gdown can't. Please check connections and permissions.
/Users/designer/PROJECTS/azanovretreat/assets/ships/РУС/Моторные яхты/Clyde Legacy Princess Sport 58ft.pdf	Failed to retrieve file url:

	Cannot retrieve the public link of the file. You may need to change
	the permission to 'Anyone with the link', or have had many accesses.
	Check FAQ in https://github.com/wkentaro/gdown?tab=readme-ov-file#faq.

You may still be able to access the file from the browser:

	https://drive.google.com/uc?id=10ZRIsbxFlWNj0TwsKKqlQtRakp2i0wG9

but Gdown can't. Please check connections and permissions.
/Users/designer/PROJECTS/azanovretreat/assets/ships/РУС/Моторные яхты/Cranchi 58ft.pdf	Failed to retrieve file url:

	Cannot retrieve the public link of the file. You may need to change
	the permission to 'Anyone with the link', or have had many accesses.
	Check FAQ in https://github.com/wkentaro/gdown?tab=readme-ov-file#faq.

You may still be able to access the file from the browser:

	https://drive.google.com/uc?id=1UwvHyXC0cvr56BwZVWUfJWnP8T8H313s

but Gdown can't. Please check connections and permissions.
/Users/designer/PROJECTS/azanovretreat/assets/ships/РУС/Моторные яхты/D50 Coupe.pdf	Failed to retrieve file url:

	Cannot retrieve the public link of the file. You may need to change
	the permission to 'Anyone with the link', or have had many accesses.
	Check FAQ in https://github.com/wkentaro/gdown?tab=readme-ov-file#faq.

You may still be able to access the file from the browser:

	https://drive.google.com/uc?id=1hc4i2fu6mH9YpNzDHm3LEYQhUx1ssQAv

but Gdown can't. Please check connections and permissions.
/Users/designer/PROJECTS/azanovretreat/assets/ships/РУС/Моторные яхты/Demarest.pdf	Failed to retrieve file url:

	Cannot retrieve the public link of the file. You may need to change
	the permission to 'Anyone with the link', or have had many accesses.
	Check FAQ in https://github.com/wkentaro/gdown?tab=readme-ov-file#faq.

You may still be able to access the file from the browser:

	https://drive.google.com/uc?id=1KK9DCVuSe2vT6WHzzVovA6eKinpSP-Lc

but Gdown can't. Please check connections and permissions.
/Users/designer/PROJECTS/azanovretreat/assets/ships/РУС/Моторные яхты/Ferretti 80.pdf	Failed to retrieve file url:

	Cannot retrieve the public link of the file. You may need to change
	the permission to 'Anyone with the link', or have had many accesses.
	Check FAQ in https://github.com/wkentaro/gdown?tab=readme-ov-file#faq.

You may still be able to access the file from the browser:

	https://drive.google.com/uc?id=1mg_aliL-BkXM4YLjTw71ON7uA8hZiJyO

but Gdown can't. Please check connections and permissions.
/Users/designer/PROJECTS/azanovretreat/assets/ships/РУС/Моторные яхты/Jeaneau 34ft.pdf	Failed to retrieve file url:

	Cannot retrieve the public link of the file. You may need to change
	the permission to 'Anyone with the link', or have had many accesses.
	Check FAQ in https://github.com/wkentaro/gdown?tab=readme-ov-file#faq.

You may still be able to access the file from the browser:

	https://drive.google.com/uc?id=1rDNWlpch1D7Ru2XdS66aZzGBGdqUG9pg

but Gdown can't. Please check connections and permissions.
/Users/designer/PROJECTS/azanovretreat/assets/ships/РУС/Моторные яхты/Lady M. Sunseeker 54ft.pdf	Failed to retrieve file url:

	Cannot retrieve the public link of the file. You may need to change
	the permission to 'Anyone with the link', or have had many accesses.
	Check FAQ in https://github.com/wkentaro/gdown?tab=readme-ov-file#faq.

You may still be able to access the file from the browser:

	https://drive.google.com/uc?id=1G-RsJCS8TlgHpMmnXmlV-1Tgt4ck0OGP

but Gdown can't. Please check connections and permissions.
/Users/designer/PROJECTS/azanovretreat/assets/ships/РУС/Моторные яхты/Lamberty 80.pdf	Cannot retrieve the folder information from the link. You may need to change the permission to 'Anyone with the link', or have had many accesses. Check FAQ in https://github.com/wkentaro/gdown?tab=readme-ov-file#faq.
/Users/designer/PROJECTS/azanovretreat/assets/ships/РУС/Моторные яхты/Majestic 48ft.pdf	Failed to retrieve file url:

	Cannot retrieve the public link of the file. You may need to change
	the permission to 'Anyone with the link', or have had many accesses.
	Check FAQ in https://github.com/wkentaro/gdown?tab=readme-ov-file#faq.

You may still be able to access the file from the browser:

	https://drive.google.com/uc?id=1f9U6fJeI14qTbPwXVKzzJhxC2n31gnrV

but Gdown can't. Please check connections and permissions.
/Users/designer/PROJECTS/azanovretreat/assets/ships/РУС/Моторные яхты/Mami Wata.pdf	Failed to retrieve file url:

	Cannot retrieve the public link of the file. You may need to change
	the permission to 'Anyone with the link', or have had many accesses.
	Check FAQ in https://github.com/wkentaro/gdown?tab=readme-ov-file#faq.

You may still be able to access the file from the browser:

	https://drive.google.com/uc?id=1d27oWSnFNdtsYNpnrC4DcyPrF4n89nsO

but Gdown can't. Please check connections and permissions.
/Users/designer/PROJECTS/azanovretreat/assets/ships/РУС/Моторные яхты/Monte Carlo 86ft.pdf	Failed to retrieve file url:

	Cannot retrieve the public link of the file. You may need to change
	the permission to 'Anyone with the link', or have had many accesses.
	Check FAQ in https://github.com/wkentaro/gdown?tab=readme-ov-file#faq.

You may still be able to access the file from the browser:

	https://drive.google.com/uc?id=16lIEjjyfDoADDJyE1iVnHllUpez_M2Jg

but Gdown can't. Please check connections and permissions.
/Users/designer/PROJECTS/azanovretreat/assets/ships/РУС/Моторные яхты/Moon Glider 90.pdf	Failed to retrieve file url:

	Cannot retrieve the public link of the file. You may need to change
	the permission to 'Anyone with the link', or have had many accesses.
	Check FAQ in https://github.com/wkentaro/gdown?tab=readme-ov-file#faq.

You may still be able to access the file from the browser:

	https://drive.google.com/uc?id=1PHZWd16iwxT1LzH0U7IGd4K3EO3CwZhK

but Gdown can't. Please check connections and permissions.
/Users/designer/PROJECTS/azanovretreat/assets/ships/РУС/Моторные яхты/Olympia.pdf	Failed to retrieve file url:

	Cannot retrieve the public link of the file. You may need to change
	the permission to 'Anyone with the link', or have had many accesses.
	Check FAQ in https://github.com/wkentaro/gdown?tab=readme-ov-file#faq.

You may still be able to access the file from the browser:

	https://drive.google.com/uc?id=125mB2TzimPNxCnL5Mh0GyPKBIAQB503I

but Gdown can't. Please check connections and permissions.
/Users/designer/PROJECTS/azanovretreat/assets/ships/РУС/Моторные яхты/Orange Princess 54.pdf	Failed to retrieve file url:

	Cannot retrieve the public link of the file. You may need to change
	the permission to 'Anyone with the link', or have had many accesses.
	Check FAQ in https://github.com/wkentaro/gdown?tab=readme-ov-file#faq.

You may still be able to access the file from the browser:

	https://drive.google.com/uc?id=1WDXZThCiP-T0HG_YdlNG3OHyLSevrvZH

but Gdown can't. Please check connections and permissions.
/Users/designer/PROJECTS/azanovretreat/assets/ships/РУС/Моторные яхты/Princess 42 JB 42ft.pdf	Failed to retrieve file url:

	Cannot retrieve the public link of the file. You may need to change
	the permission to 'Anyone with the link', or have had many accesses.
	Check FAQ in https://github.com/wkentaro/gdown?tab=readme-ov-file#faq.

You may still be able to access the file from the browser:

	https://drive.google.com/uc?id=1BE_hwsJoNSdAb94u2BypH5gZ8R-AoW24

but Gdown can't. Please check connections and permissions.
/Users/designer/PROJECTS/azanovretreat/assets/ships/РУС/Моторные яхты/Princess 52ft.pdf	Failed to retrieve file url:

	Cannot retrieve the public link of the file. You may need to change
	the permission to 'Anyone with the link', or have had many accesses.
	Check FAQ in https://github.com/wkentaro/gdown?tab=readme-ov-file#faq.

You may still be able to access the file from the browser:

	https://drive.google.com/uc?id=1zfSmetQTE8RNCjgtnHkB1esri9iafmxZ

but Gdown can't. Please check connections and permissions.
/Users/designer/PROJECTS/azanovretreat/assets/ships/РУС/Моторные яхты/Princess 65 Oceana.pdf	Failed to retrieve file url:

	Cannot retrieve the public link of the file. You may need to change
	the permission to 'Anyone with the link', or have had many accesses.
	Check FAQ in https://github.com/wkentaro/gdown?tab=readme-ov-file#faq.

You may still be able to access the file from the browser:

	https://drive.google.com/uc?id=1KunbPMSX24b9hVCORfg2aLUNe_itZNlr

but Gdown can't. Please check connections and permissions.
/Users/designer/PROJECTS/azanovretreat/assets/ships/РУС/Моторные яхты/Princess 74.pdf	Cannot retrieve the folder information from the link. You may need to change the permission to 'Anyone with the link', or have had many accesses. Check FAQ in https://github.com/wkentaro/gdown?tab=readme-ov-file#faq.
/Users/designer/PROJECTS/azanovretreat/assets/ships/РУС/Моторные яхты/Princess 78.pdf	Failed to retrieve file url:

	Cannot retrieve the public link of the file. You may need to change
	the permission to 'Anyone with the link', or have had many accesses.
	Check FAQ in https://github.com/wkentaro/gdown?tab=readme-ov-file#faq.

You may still be able to access the file from the browser:

	https://drive.google.com/uc?id=1lcAiUm77h8pYVIM462oZqV8qhfKr4hHn

but Gdown can't. Please check connections and permissions.
/Users/designer/PROJECTS/azanovretreat/assets/ships/РУС/Моторные яхты/Princess 78ft.pdf	Failed to retrieve file url:

	Cannot retrieve the public link of the file. You may need to change
	the permission to 'Anyone with the link', or have had many accesses.
	Check FAQ in https://github.com/wkentaro/gdown?tab=readme-ov-file#faq.

You may still be able to access the file from the browser:

	https://drive.google.com/uc?id=101sK1GzbrNYWrv5NwCIodmsELV5PFGDW

but Gdown can't. Please check connections and permissions.
/Users/designer/PROJECTS/azanovretreat/assets/ships/РУС/Моторные яхты/Princess F55 60ft.pdf	Failed to retrieve file url:

	Cannot retrieve the public link of the file. You may need to change
	the permission to 'Anyone with the link', or have had many accesses.
	Check FAQ in https://github.com/wkentaro/gdown?tab=readme-ov-file#faq.

You may still be able to access the file from the browser:

	https://drive.google.com/uc?id=1DFo8_z7zsw-CHiHoBlimPEMbx-N2b66I

but Gdown can't. Please check connections and permissions.
/Users/designer/PROJECTS/azanovretreat/assets/ships/РУС/Моторные яхты/Princess S65.pdf	Failed to retrieve file url:

	Cannot retrieve the public link of the file. You may need to change
	the permission to 'Anyone with the link', or have had many accesses.
	Check FAQ in https://github.com/wkentaro/gdown?tab=readme-ov-file#faq.

You may still be able to access the file from the browser:

	https://drive.google.com/uc?id=1kEEEntSjv3DfgrSKfDYRHZ_UXoGPTybq

but Gdown can't. Please check connections and permissions.
/Users/designer/PROJECTS/azanovretreat/assets/ships/РУС/Моторные яхты/Princess V39.pdf	Failed to retrieve file url:

	Cannot retrieve the public link of the file. You may need to change
	the permission to 'Anyone with the link', or have had many accesses.
	Check FAQ in https://github.com/wkentaro/gdown?tab=readme-ov-file#faq.

You may still be able to access the file from the browser:

	https://drive.google.com/uc?id=1cIRka5q_mgm8ETCbNCoeAHim1i8dV9K4

but Gdown can't. Please check connections and permissions.
/Users/designer/PROJECTS/azanovretreat/assets/ships/РУС/Моторные яхты/Riviera 58ft.pdf	Failed to retrieve file url:

	Cannot retrieve the public link of the file. You may need to change
	the permission to 'Anyone with the link', or have had many accesses.
	Check FAQ in https://github.com/wkentaro/gdown?tab=readme-ov-file#faq.

You may still be able to access the file from the browser:

	https://drive.google.com/uc?id=1wrKOo7-OeDRdG3kbnxNCYS-BL2hKA6Kf

but Gdown can't. Please check connections and permissions.
/Users/designer/PROJECTS/azanovretreat/assets/ships/РУС/Моторные яхты/Rizzardi.pdf	Failed to retrieve file url:

	Cannot retrieve the public link of the file. You may need to change
	the permission to 'Anyone with the link', or have had many accesses.
	Check FAQ in https://github.com/wkentaro/gdown?tab=readme-ov-file#faq.

You may still be able to access the file from the browser:

	https://drive.google.com/uc?id=1WlpUIQERr9LYrp_qaC5DFybwM3Eo3MQ1

but Gdown can't. Please check connections and permissions.
/Users/designer/PROJECTS/azanovretreat/assets/ships/РУС/Моторные яхты/SJ-Alina-Symbol 57.pdf	Failed to retrieve file url:

	Cannot retrieve the public link of the file. You may need to change
	the permission to 'Anyone with the link', or have had many accesses.
	Check FAQ in https://github.com/wkentaro/gdown?tab=readme-ov-file#faq.

You may still be able to access the file from the browser:

	https://drive.google.com/uc?id=1UndNgif8jHPx1qFpzTAb2aBDjBMkCJRt

but Gdown can't. Please check connections and permissions.
/Users/designer/PROJECTS/azanovretreat/assets/ships/РУС/Моторные яхты/Sambuca 53.pdf	Failed to retrieve file url:

	Cannot retrieve the public link of the file. You may need to change
	the permission to 'Anyone with the link', or have had many accesses.
	Check FAQ in https://github.com/wkentaro/gdown?tab=readme-ov-file#faq.

You may still be able to access the file from the browser:

	https://drive.google.com/uc?id=1hyEQCl5SohQTUCx5odn-zaseU9DhD3E_

but Gdown can't. Please check connections and permissions.
/Users/designer/PROJECTS/azanovretreat/assets/ships/РУС/Моторные яхты/Sealine 51.pdf	Failed to retrieve file url:

	Cannot retrieve the public link of the file. You may need to change
	the permission to 'Anyone with the link', or have had many accesses.
	Check FAQ in https://github.com/wkentaro/gdown?tab=readme-ov-file#faq.

You may still be able to access the file from the browser:

	https://drive.google.com/uc?id=1mj6FI-_08XIZcewlVGp7Dc1o8KRIMhob

but Gdown can't. Please check connections and permissions.
/Users/designer/PROJECTS/azanovretreat/assets/ships/РУС/Моторные яхты/Searay Sundancer 46ft.pdf	Failed to retrieve file url:

	Cannot retrieve the public link of the file. You may need to change
	the permission to 'Anyone with the link', or have had many accesses.
	Check FAQ in https://github.com/wkentaro/gdown?tab=readme-ov-file#faq.

You may still be able to access the file from the browser:

	https://drive.google.com/uc?id=15ASkP8GVbzXs1YLDO43DeXRJ2gyJx7BU

but Gdown can't. Please check connections and permissions.
/Users/designer/PROJECTS/azanovretreat/assets/ships/РУС/Моторные яхты/Siam Princess 70.pdf	Failed to retrieve file url:

	Cannot retrieve the public link of the file. You may need to change
	the permission to 'Anyone with the link', or have had many accesses.
	Check FAQ in https://github.com/wkentaro/gdown?tab=readme-ov-file#faq.

You may still be able to access the file from the browser:

	https://drive.google.com/uc?id=1LfsLEfbFYsXzqMJn4h8qMk7KAe3nchUr

but Gdown can't. Please check connections and permissions.
/Users/designer/PROJECTS/azanovretreat/assets/ships/РУС/Моторные яхты/Silentworld 129ft.pdf	Failed to retrieve file url:

	Cannot retrieve the public link of the file. You may need to change
	the permission to 'Anyone with the link', or have had many accesses.
	Check FAQ in https://github.com/wkentaro/gdown?tab=readme-ov-file#faq.

You may still be able to access the file from the browser:

	https://drive.google.com/uc?id=1p8ri9s6DUN2QSmG-jQvngUK15DT0MwF_

but Gdown can't. Please check connections and permissions.
/Users/designer/PROJECTS/azanovretreat/assets/ships/РУС/Моторные яхты/Song of Songs 139ft.pdf	Cannot retrieve the folder information from the link. You may need to change the permission to 'Anyone with the link', or have had many accesses. Check FAQ in https://github.com/wkentaro/gdown?tab=readme-ov-file#faq.
/Users/designer/PROJECTS/azanovretreat/assets/ships/РУС/Моторные яхты/Sterx 50ft.pdf	Cannot retrieve the folder information from the link. You may need to change the permission to 'Anyone with the link', or have had many accesses. Check FAQ in https://github.com/wkentaro/gdown?tab=readme-ov-file#faq.
/Users/designer/PROJECTS/azanovretreat/assets/ships/РУС/Моторные яхты/Sunseeker Manhattan 60.pdf	Failed to retrieve file url:

	Cannot retrieve the public link of the file. You may need to change
	the permission to 'Anyone with the link', or have had many accesses.
	Check FAQ in https://github.com/wkentaro/gdown?tab=readme-ov-file#faq.

You may still be able to access the file from the browser:

	https://drive.google.com/uc?id=1-tF2EuxugVoa3aiK5p0Zm6SNNdZX2Ohg

but Gdown can't. Please check connections and permissions.
/Users/designer/PROJECTS/azanovretreat/assets/ships/РУС/Моторные яхты/The Origin .pdf	Failed to retrieve file url:

	Cannot retrieve the public link of the file. You may need to change
	the permission to 'Anyone with the link', or have had many accesses.
	Check FAQ in https://github.com/wkentaro/gdown?tab=readme-ov-file#faq.

You may still be able to access the file from the browser:

	https://drive.google.com/uc?id=1yTn56Pas1mt87Sn1voRNv35_Nauu8-63

but Gdown can't. Please check connections and permissions.
/Users/designer/PROJECTS/azanovretreat/assets/ships/РУС/Моторные яхты/Vtech 68ft.pdf	Failed to retrieve file url:

	Cannot retrieve the public link of the file. You may need to change
	the permission to 'Anyone with the link', or have had many accesses.
	Check FAQ in https://github.com/wkentaro/gdown?tab=readme-ov-file#faq.

You may still be able to access the file from the browser:

	https://drive.google.com/uc?id=1V7FeVPo5b1FrvatutydF3FbS-EVvfOAs

but Gdown can't. Please check connections and permissions.
/Users/designer/PROJECTS/azanovretreat/assets/ships/РУС/Моторные яхты/Xanadu 111.pdf	Failed to retrieve file url:

	Cannot retrieve the public link of the file. You may need to change
	the permission to 'Anyone with the link', or have had many accesses.
	Check FAQ in https://github.com/wkentaro/gdown?tab=readme-ov-file#faq.

You may still be able to access the file from the browser:

	https://drive.google.com/uc?id=1Rs3LB01s1yaIXVA7hon8jF8F5gSrXDpg

but Gdown can't. Please check connections and permissions.
/Users/designer/PROJECTS/azanovretreat/assets/ships/РУС/Парусные катамараны/Admiral 40ft.pdf	Failed to retrieve file url:

	Cannot retrieve the public link of the file. You may need to change
	the permission to 'Anyone with the link', or have had many accesses.
	Check FAQ in https://github.com/wkentaro/gdown?tab=readme-ov-file#faq.

You may still be able to access the file from the browser:

	https://drive.google.com/uc?id=1DGIDMqcppTy1-L6ZxbpEBmvYBeX3u-V_

but Gdown can't. Please check connections and permissions.
/Users/designer/PROJECTS/azanovretreat/assets/ships/РУС/Парусные катамараны/Ameray 1 37ft.pdf	Failed to retrieve file url:

	Cannot retrieve the public link of the file. You may need to change
	the permission to 'Anyone with the link', or have had many accesses.
	Check FAQ in https://github.com/wkentaro/gdown?tab=readme-ov-file#faq.

You may still be able to access the file from the browser:

	https://drive.google.com/uc?id=1UaHggyQp18wC5BIfRMKiE80-Qve6T0Za

but Gdown can't. Please check connections and permissions.
/Users/designer/PROJECTS/azanovretreat/assets/ships/РУС/Парусные катамараны/Ameray 888 39ft.pdf	Failed to retrieve file url:

	Cannot retrieve the public link of the file. You may need to change
	the permission to 'Anyone with the link', or have had many accesses.
	Check FAQ in https://github.com/wkentaro/gdown?tab=readme-ov-file#faq.

You may still be able to access the file from the browser:

	https://drive.google.com/uc?id=1JK6UcWaowO1x4-IsGzmIY8Ti_HtK1qeZ

but Gdown can't. Please check connections and permissions.
/Users/designer/PROJECTS/azanovretreat/assets/ships/РУС/Парусные катамараны/Asrtea 42ft.pdf	Failed to retrieve file url:

	Cannot retrieve the public link of the file. You may need to change
	the permission to 'Anyone with the link', or have had many accesses.
	Check FAQ in https://github.com/wkentaro/gdown?tab=readme-ov-file#faq.

You may still be able to access the file from the browser:

	https://drive.google.com/uc?id=1X4khPWxs9jtpkm1sc6Oh-W-oCZv1ZtRP

but Gdown can't. Please check connections and permissions.
/Users/designer/PROJECTS/azanovretreat/assets/ships/РУС/Парусные катамараны/Blue Aqua.pdf	Failed to retrieve file url:

	Cannot retrieve the public link of the file. You may need to change
	the permission to 'Anyone with the link', or have had many accesses.
	Check FAQ in https://github.com/wkentaro/gdown?tab=readme-ov-file#faq.

You may still be able to access the file from the browser:

	https://drive.google.com/uc?id=1beMZ1-XGnJZg7vUgQgagbKz1qFEAaX9F

but Gdown can't. Please check connections and permissions.
/Users/designer/PROJECTS/azanovretreat/assets/ships/РУС/Парусные катамараны/Blue Indigo Catana 47.pdf	Failed to retrieve file url:

	Cannot retrieve the public link of the file. You may need to change
	the permission to 'Anyone with the link', or have had many accesses.
	Check FAQ in https://github.com/wkentaro/gdown?tab=readme-ov-file#faq.

You may still be able to access the file from the browser:

	https://drive.google.com/uc?id=11c38j2MDqxopQ5t-mp9N_6eB5Ab8VGwo

but Gdown can't. Please check connections and permissions.
/Users/designer/PROJECTS/azanovretreat/assets/ships/РУС/Парусные катамараны/Blue Metis Lagoon 500.pdf	Failed to retrieve file url:

	Cannot retrieve the public link of the file. You may need to change
	the permission to 'Anyone with the link', or have had many accesses.
	Check FAQ in https://github.com/wkentaro/gdown?tab=readme-ov-file#faq.

You may still be able to access the file from the browser:

	https://drive.google.com/uc?id=1tJmS3lqO9woRJIGQeGW72L9oU-1tH2BH

but Gdown can't. Please check connections and permissions.
/Users/designer/PROJECTS/azanovretreat/assets/ships/РУС/Парусные катамараны/BlueKet 75ft.pdf	Failed to retrieve file url:

	Cannot retrieve the public link of the file. You may need to change
	the permission to 'Anyone with the link', or have had many accesses.
	Check FAQ in https://github.com/wkentaro/gdown?tab=readme-ov-file#faq.

You may still be able to access the file from the browser:

	https://drive.google.com/uc?id=1Arw_oC5pzJIi2gwqTslKTI9QZXeswPi8

but Gdown can't. Please check connections and permissions.
/Users/designer/PROJECTS/azanovretreat/assets/ships/РУС/Парусные катамараны/Clara.pdf	Failed to retrieve file url:

	Cannot retrieve the public link of the file. You may need to change
	the permission to 'Anyone with the link', or have had many accesses.
	Check FAQ in https://github.com/wkentaro/gdown?tab=readme-ov-file#faq.

You may still be able to access the file from the browser:

	https://drive.google.com/uc?id=19_mNElVPYWw8pPcA5u9TGZ3qHuRdsO3p

but Gdown can't. Please check connections and permissions.
/Users/designer/PROJECTS/azanovretreat/assets/ships/РУС/Парусные катамараны/Fountaine Pajot 40ft.pdf	Failed to retrieve file url:

	Cannot retrieve the public link of the file. You may need to change
	the permission to 'Anyone with the link', or have had many accesses.
	Check FAQ in https://github.com/wkentaro/gdown?tab=readme-ov-file#faq.

You may still be able to access the file from the browser:

	https://drive.google.com/uc?id=1U5ixDGi45spM9MBnYp2lWmYRxoq6GMxf

but Gdown can't. Please check connections and permissions.
/Users/designer/PROJECTS/azanovretreat/assets/ships/РУС/Парусные катамараны/Great Shark 46ft.pdf	Failed to retrieve file url:

	Cannot retrieve the public link of the file. You may need to change
	the permission to 'Anyone with the link', or have had many accesses.
	Check FAQ in https://github.com/wkentaro/gdown?tab=readme-ov-file#faq.

You may still be able to access the file from the browser:

	https://drive.google.com/uc?id=1oMYZexUxYxpHHrm_HCfemZ6Q3Lha4fN6

but Gdown can't. Please check connections and permissions.
/Users/designer/PROJECTS/azanovretreat/assets/ships/РУС/Парусные катамараны/Hennessy 40ft.pdf	Failed to retrieve file url:

	Cannot retrieve the public link of the file. You may need to change
	the permission to 'Anyone with the link', or have had many accesses.
	Check FAQ in https://github.com/wkentaro/gdown?tab=readme-ov-file#faq.

You may still be able to access the file from the browser:

	https://drive.google.com/uc?id=1-kOMaNAYgH1nhjt_J2RZ3uq-htz0Av4Q

but Gdown can't. Please check connections and permissions.
/Users/designer/PROJECTS/azanovretreat/assets/ships/РУС/Парусные катамараны/Lagoon 38.pdf	Failed to retrieve file url:

	Cannot retrieve the public link of the file. You may need to change
	the permission to 'Anyone with the link', or have had many accesses.
	Check FAQ in https://github.com/wkentaro/gdown?tab=readme-ov-file#faq.

You may still be able to access the file from the browser:

	https://drive.google.com/uc?id=12N9tfDOsUzHQokQOP_Yp59jif83zfU-Y

but Gdown can't. Please check connections and permissions.
/Users/designer/PROJECTS/azanovretreat/assets/ships/РУС/Парусные катамараны/Lagoon 400S2.pdf	Failed to retrieve file url:

	Cannot retrieve the public link of the file. You may need to change
	the permission to 'Anyone with the link', or have had many accesses.
	Check FAQ in https://github.com/wkentaro/gdown?tab=readme-ov-file#faq.

You may still be able to access the file from the browser:

	https://drive.google.com/uc?id=1uOjk5PFaG5OuOBXe0OpEVeIQM7R1B_oD

but Gdown can't. Please check connections and permissions.
/Users/designer/PROJECTS/azanovretreat/assets/ships/РУС/Парусные катамараны/Lagoon 42 Cloud Dancer 42ft.pdf	Cannot retrieve the folder information from the link. You may need to change the permission to 'Anyone with the link', or have had many accesses. Check FAQ in https://github.com/wkentaro/gdown?tab=readme-ov-file#faq.
/Users/designer/PROJECTS/azanovretreat/assets/ships/РУС/Парусные катамараны/Lagoon 420.pdf	Failed to retrieve file url:

	Cannot retrieve the public link of the file. You may need to change
	the permission to 'Anyone with the link', or have had many accesses.
	Check FAQ in https://github.com/wkentaro/gdown?tab=readme-ov-file#faq.

You may still be able to access the file from the browser:

	https://drive.google.com/uc?id=1CrVLyNWu1j3U-SvztBrJeKHPKbFEXzMf

but Gdown can't. Please check connections and permissions.
/Users/designer/PROJECTS/azanovretreat/assets/ships/РУС/Парусные катамараны/Lagoon 421 Peach.pdf	Failed to retrieve file url:

	Cannot retrieve the public link of the file. You may need to change
	the permission to 'Anyone with the link', or have had many accesses.
	Check FAQ in https://github.com/wkentaro/gdown?tab=readme-ov-file#faq.

You may still be able to access the file from the browser:

	https://drive.google.com/uc?id=1Vo9hnP7h7lhyHiz7JnAYN6KCOvL9amV5

but Gdown can't. Please check connections and permissions.
/Users/designer/PROJECTS/azanovretreat/assets/ships/РУС/Парусные катамараны/Lagoon 440 Bluewings.pdf	Failed to retrieve file url:

	Cannot retrieve the public link of the file. You may need to change
	the permission to 'Anyone with the link', or have had many accesses.
	Check FAQ in https://github.com/wkentaro/gdown?tab=readme-ov-file#faq.

You may still be able to access the file from the browser:

	https://drive.google.com/uc?id=1Id9PsjKmoK6aTmWELDZcS-hSgjdaLsfF

but Gdown can't. Please check connections and permissions.
/Users/designer/PROJECTS/azanovretreat/assets/ships/РУС/Парусные катамараны/Lagoon 440 Lemon.pdf	Failed to retrieve file url:

	Cannot retrieve the public link of the file. You may need to change
	the permission to 'Anyone with the link', or have had many accesses.
	Check FAQ in https://github.com/wkentaro/gdown?tab=readme-ov-file#faq.

You may still be able to access the file from the browser:

	https://drive.google.com/uc?id=1GRZJtcKaZyISF8hPM888_B-wALaAiYJq

but Gdown can't. Please check connections and permissions.
/Users/designer/PROJECTS/azanovretreat/assets/ships/РУС/Парусные катамараны/Lagoon 450 fly Oceanland.pdf	Failed to retrieve file url:

	Cannot retrieve the public link of the file. You may need to change
	the permission to 'Anyone with the link', or have had many accesses.
	Check FAQ in https://github.com/wkentaro/gdown?tab=readme-ov-file#faq.

You may still be able to access the file from the browser:

	https://drive.google.com/uc?id=1ojQcZwbzx-fCwGCdywYuNOngZCoL0We5

but Gdown can't. Please check connections and permissions.
/Users/designer/PROJECTS/azanovretreat/assets/ships/РУС/Парусные катамараны/Lagoon 450.pdf	Cannot retrieve the folder information from the link. You may need to change the permission to 'Anyone with the link', or have had many accesses. Check FAQ in https://github.com/wkentaro/gdown?tab=readme-ov-file#faq.
/Users/designer/PROJECTS/azanovretreat/assets/ships/РУС/Парусные катамараны/Lagoon 560.pdf	Cannot retrieve the folder information from the link. You may need to change the permission to 'Anyone with the link', or have had many accesses. Check FAQ in https://github.com/wkentaro/gdown?tab=readme-ov-file#faq.
/Users/designer/PROJECTS/azanovretreat/assets/ships/РУС/Парусные катамараны/Leopard 50.pdf	Failed to retrieve file url:

	Cannot retrieve the public link of the file. You may need to change
	the permission to 'Anyone with the link', or have had many accesses.
	Check FAQ in https://github.com/wkentaro/gdown?tab=readme-ov-file#faq.

You may still be able to access the file from the browser:

	https://drive.google.com/uc?id=1g4uIYwXW6PkGvxgt9ySZG5WLvn4H-JIC

but Gdown can't. Please check connections and permissions.
/Users/designer/PROJECTS/azanovretreat/assets/ships/РУС/Парусные катамараны/Lipari 41.pdf	Cannot retrieve the folder information from the link. You may need to change the permission to 'Anyone with the link', or have had many accesses. Check FAQ in https://github.com/wkentaro/gdown?tab=readme-ov-file#faq.
/Users/designer/PROJECTS/azanovretreat/assets/ships/РУС/Парусные катамараны/Lobster.pdf	Failed to retrieve file url:

	Cannot retrieve the public link of the file. You may need to change
	the permission to 'Anyone with the link', or have had many accesses.
	Check FAQ in https://github.com/wkentaro/gdown?tab=readme-ov-file#faq.

You may still be able to access the file from the browser:

	https://drive.google.com/uc?id=1UTQO3am10g22Pccr7AxhMn95aYqQGwnV

but Gdown can't. Please check connections and permissions.
/Users/designer/PROJECTS/azanovretreat/assets/ships/РУС/Парусные катамараны/Myra Leopard 47.pdf	Failed to retrieve file url:

	Cannot retrieve the public link of the file. You may need to change
	the permission to 'Anyone with the link', or have had many accesses.
	Check FAQ in https://github.com/wkentaro/gdown?tab=readme-ov-file#faq.

You may still be able to access the file from the browser:

	https://drive.google.com/uc?id=13tREheMVFlhVbS-XsR_F9vPKdQAe5RZ3

but Gdown can't. Please check connections and permissions.
/Users/designer/PROJECTS/azanovretreat/assets/ships/РУС/Парусные катамараны/Namaste 55ft.pdf	Failed to retrieve file url:

	Cannot retrieve the public link of the file. You may need to change
	the permission to 'Anyone with the link', or have had many accesses.
	Check FAQ in https://github.com/wkentaro/gdown?tab=readme-ov-file#faq.

You may still be able to access the file from the browser:

	https://drive.google.com/uc?id=1zYFLm6QwvxM4LY9T_kXL8ZEa1E83I6-6

but Gdown can't. Please check connections and permissions.
/Users/designer/PROJECTS/azanovretreat/assets/ships/РУС/Парусные катамараны/Penelope Lagoon 400 S2.pdf	Failed to retrieve file url:

	Cannot retrieve the public link of the file. You may need to change
	the permission to 'Anyone with the link', or have had many accesses.
	Check FAQ in https://github.com/wkentaro/gdown?tab=readme-ov-file#faq.

You may still be able to access the file from the browser:

	https://drive.google.com/uc?id=196tYHzXPE4ysSAW7S7Y2p5Kp9G33dBVe

but Gdown can't. Please check connections and permissions.
/Users/designer/PROJECTS/azanovretreat/assets/ships/РУС/Парусные катамараны/Pina Colada 40ft.pdf	Failed to retrieve file url:

	Cannot retrieve the public link of the file. You may need to change
	the permission to 'Anyone with the link', or have had many accesses.
	Check FAQ in https://github.com/wkentaro/gdown?tab=readme-ov-file#faq.

You may still be able to access the file from the browser:

	https://drive.google.com/uc?id=1RIIWReGS6V0TLBU105oIHWxJuqUWVCsl

but Gdown can't. Please check connections and permissions.
/Users/designer/PROJECTS/azanovretreat/assets/ships/РУС/Парусные катамараны/Satisfaction 55ft.pdf	Failed to retrieve file url:

	Cannot retrieve the public link of the file. You may need to change
	the permission to 'Anyone with the link', or have had many accesses.
	Check FAQ in https://github.com/wkentaro/gdown?tab=readme-ov-file#faq.

You may still be able to access the file from the browser:

	https://drive.google.com/uc?id=1aLvELLxkno1HjS3XMSEkljuLfTB0XR5W

but Gdown can't. Please check connections and permissions.
/Users/designer/PROJECTS/azanovretreat/assets/ships/РУС/Парусные катамараны/Senna Nautitech 47.pdf	Failed to retrieve file url:

	Cannot retrieve the public link of the file. You may need to change
	the permission to 'Anyone with the link', or have had many accesses.
	Check FAQ in https://github.com/wkentaro/gdown?tab=readme-ov-file#faq.

You may still be able to access the file from the browser:

	https://drive.google.com/uc?id=1JCLVxjxWvU3iwQ5iJQFfve2dWbbbL_Dq

but Gdown can't. Please check connections and permissions.
/Users/designer/PROJECTS/azanovretreat/assets/ships/РУС/Парусные катамараны/Shangani.pdf	Failed to retrieve file url:

	Cannot retrieve the public link of the file. You may need to change
	the permission to 'Anyone with the link', or have had many accesses.
	Check FAQ in https://github.com/wkentaro/gdown?tab=readme-ov-file#faq.

You may still be able to access the file from the browser:

	https://drive.google.com/uc?id=1AyU_GaVl9R1DbzE__jjVo1DWpFGsRPbM

but Gdown can't. Please check connections and permissions.
/Users/designer/PROJECTS/azanovretreat/assets/ships/РУС/Парусные катамараны/Summer Leopard 47.pdf	Failed to retrieve file url:

	Cannot retrieve the public link of the file. You may need to change
	the permission to 'Anyone with the link', or have had many accesses.
	Check FAQ in https://github.com/wkentaro/gdown?tab=readme-ov-file#faq.

You may still be able to access the file from the browser:

	https://drive.google.com/uc?id=1EurvdwMf26O0iNU0Jy_IoCnWYszNXxY8

but Gdown can't. Please check connections and permissions.
/Users/designer/PROJECTS/azanovretreat/assets/ships/РУС/Парусные катамараны/Sunreef Eco E-Motion 60ft.pdf	Failed to retrieve file url:

	Cannot retrieve the public link of the file. You may need to change
	the permission to 'Anyone with the link', or have had many accesses.
	Check FAQ in https://github.com/wkentaro/gdown?tab=readme-ov-file#faq.

You may still be able to access the file from the browser:

	https://drive.google.com/uc?id=1wOHKg1fAVWcToYwY71ggWv2svYsCF2qL

but Gdown can't. Please check connections and permissions.
/Users/designer/PROJECTS/azanovretreat/assets/ships/РУС/Парусные катамараны/Super X 55ft.pdf	Failed to retrieve file url:

	Cannot retrieve the public link of the file. You may need to change
	the permission to 'Anyone with the link', or have had many accesses.
	Check FAQ in https://github.com/wkentaro/gdown?tab=readme-ov-file#faq.

You may still be able to access the file from the browser:

	https://drive.google.com/uc?id=1qowdbNeyd32X_ZGSG7UiMvsEeHpWm5Nw

but Gdown can't. Please check connections and permissions.
/Users/designer/PROJECTS/azanovretreat/assets/ships/РУС/Парусные катамараны/Super Y 38ft.pdf	Failed to retrieve file url:

	Cannot retrieve the public link of the file. You may need to change
	the permission to 'Anyone with the link', or have had many accesses.
	Check FAQ in https://github.com/wkentaro/gdown?tab=readme-ov-file#faq.

You may still be able to access the file from the browser:

	https://drive.google.com/uc?id=1Ix5WeQGfVby6MIQzaYvZMyy0NZR1i41_

but Gdown can't. Please check connections and permissions.
/Users/designer/PROJECTS/azanovretreat/assets/ships/РУС/Парусные катамараны/The Best 60ft.pdf	Failed to retrieve file url:

	Cannot retrieve the public link of the file. You may need to change
	the permission to 'Anyone with the link', or have had many accesses.
	Check FAQ in https://github.com/wkentaro/gdown?tab=readme-ov-file#faq.

You may still be able to access the file from the browser:

	https://drive.google.com/uc?id=1b3oxJ_0id2SHohACztA_z4f8eD5A6bA-

but Gdown can't. Please check connections and permissions.
/Users/designer/PROJECTS/azanovretreat/assets/ships/РУС/Парусные катамараны/Zero Stealth.pdf	Failed to retrieve file url:

	Cannot retrieve the public link of the file. You may need to change
	the permission to 'Anyone with the link', or have had many accesses.
	Check FAQ in https://github.com/wkentaro/gdown?tab=readme-ov-file#faq.

You may still be able to access the file from the browser:

	https://drive.google.com/uc?id=1pmbk6bnZepso0f7ZyNzODSkNuhx52NBg

but Gdown can't. Please check connections and permissions.
/Users/designer/PROJECTS/azanovretreat/assets/ships/РУС/Парусные яхты/Amore.pdf	Cannot retrieve the folder information from the link. You may need to change the permission to 'Anyone with the link', or have had many accesses. Check FAQ in https://github.com/wkentaro/gdown?tab=readme-ov-file#faq.
/Users/designer/PROJECTS/azanovretreat/assets/ships/РУС/Парусные яхты/Bavaria 41ft Isabella.pdf	Failed to retrieve file url:

	Cannot retrieve the public link of the file. You may need to change
	the permission to 'Anyone with the link', or have had many accesses.
	Check FAQ in https://github.com/wkentaro/gdown?tab=readme-ov-file#faq.

You may still be able to access the file from the browser:

	https://drive.google.com/uc?id=1xWvOofuIMiwlfFSc4BuuGAXAuXH8NRH4

but Gdown can't. Please check connections and permissions.
/Users/designer/PROJECTS/azanovretreat/assets/ships/РУС/Парусные яхты/Bavaria 46 Isabella.pdf	Failed to retrieve file url:

	Cannot retrieve the public link of the file. You may need to change
	the permission to 'Anyone with the link', or have had many accesses.
	Check FAQ in https://github.com/wkentaro/gdown?tab=readme-ov-file#faq.

You may still be able to access the file from the browser:

	https://drive.google.com/uc?id=1xWvOofuIMiwlfFSc4BuuGAXAuXH8NRH4

but Gdown can't. Please check connections and permissions.
/Users/designer/PROJECTS/azanovretreat/assets/ships/РУС/Парусные яхты/Born Free 86ft.pdf	Failed to retrieve file url:

	Cannot retrieve the public link of the file. You may need to change
	the permission to 'Anyone with the link', or have had many accesses.
	Check FAQ in https://github.com/wkentaro/gdown?tab=readme-ov-file#faq.

You may still be able to access the file from the browser:

	https://drive.google.com/uc?id=1yRJ8ZNdGOVAOmAGyswJ_7T_KXAigAUHF

but Gdown can't. Please check connections and permissions.
/Users/designer/PROJECTS/azanovretreat/assets/ships/РУС/Парусные яхты/Hanse 430 Le Figuier.pdf	Failed to retrieve file url:

	Cannot retrieve the public link of the file. You may need to change
	the permission to 'Anyone with the link', or have had many accesses.
	Check FAQ in https://github.com/wkentaro/gdown?tab=readme-ov-file#faq.

You may still be able to access the file from the browser:

	https://drive.google.com/uc?id=135EHSflpY3bGiWjNE_UdtCi5gVG1pbTP

but Gdown can't. Please check connections and permissions.
/Users/designer/PROJECTS/azanovretreat/assets/ships/РУС/Парусные яхты/Monica 75ft.pdf	Failed to retrieve file url:

	Cannot retrieve the public link of the file. You may need to change
	the permission to 'Anyone with the link', or have had many accesses.
	Check FAQ in https://github.com/wkentaro/gdown?tab=readme-ov-file#faq.

You may still be able to access the file from the browser:

	https://drive.google.com/uc?id=1wWIjkr1k9UXOjzn62-X304nNdVwEg_RP

but Gdown can't. Please check connections and permissions.
/Users/designer/PROJECTS/azanovretreat/assets/ships/РУС/Парусные яхты/Sunsail 41ft.pdf	Failed to retrieve file url:

	Cannot retrieve the public link of the file. You may need to change
	the permission to 'Anyone with the link', or have had many accesses.
	Check FAQ in https://github.com/wkentaro/gdown?tab=readme-ov-file#faq.

You may still be able to access the file from the browser:

	https://drive.google.com/uc?id=1KVncC9G_zSJwIqIZg83fNGll1avaTAHU

but Gdown can't. Please check connections and permissions.
/Users/designer/PROJECTS/azanovretreat/assets/ships/РУС/Рыбацкие лодки/Di Fish.pdf	('Connection aborted.', RemoteDisconnected('Remote end closed connection without response'))
/Users/designer/PROJECTS/azanovretreat/assets/ships/РУС/Рыбацкие лодки/Fish Eagle 65ft.pdf	Failed to retrieve file url:

	Cannot retrieve the public link of the file. You may need to change
	the permission to 'Anyone with the link', or have had many accesses.
	Check FAQ in https://github.com/wkentaro/gdown?tab=readme-ov-file#faq.

You may still be able to access the file from the browser:

	https://drive.google.com/uc?id=1IXHaT_8q0fhIp2YdNskD6P4bcZX0Q70f

but Gdown can't. Please check connections and permissions.
/Users/designer/PROJECTS/azanovretreat/assets/ships/РУС/Рыбацкие лодки/Marlin.pdf	Failed to retrieve file url:

	Cannot retrieve the public link of the file. You may need to change
	the permission to 'Anyone with the link', or have had many accesses.
	Check FAQ in https://github.com/wkentaro/gdown?tab=readme-ov-file#faq.

You may still be able to access the file from the browser:

	https://drive.google.com/uc?id=1mWKP06DodjcjBbbF6GpcEcZ2sqtWjT0z

but Gdown can't. Please check connections and permissions.
/Users/designer/PROJECTS/azanovretreat/assets/ships/РУС/Рыбацкие лодки/Prapis.pdf	Failed to retrieve file url:

	Cannot retrieve the public link of the file. You may need to change
	the permission to 'Anyone with the link', or have had many accesses.
	Check FAQ in https://github.com/wkentaro/gdown?tab=readme-ov-file#faq.

You may still be able to access the file from the browser:

	https://drive.google.com/uc?id=1tJvSinDLdJAUVHw2Y93h_p56KEchC2UC

but Gdown can't. Please check connections and permissions.
/Users/designer/PROJECTS/azanovretreat/assets/ships/РУС/Рыбацкие лодки/Shaina 55ft.pdf	Failed to retrieve file url:

	Cannot retrieve the public link of the file. You may need to change
	the permission to 'Anyone with the link', or have had many accesses.
	Check FAQ in https://github.com/wkentaro/gdown?tab=readme-ov-file#faq.

You may still be able to access the file from the browser:

	https://drive.google.com/uc?id=1KSL_2FqGVq2yjelcgD2lgt6ZISAfAYEB

but Gdown can't. Please check connections and permissions.
/Users/designer/PROJECTS/azanovretreat/assets/ships/РУС/Рыбацкие лодки/Solita.pdf	Response ended prematurely